<?xml version="1.0" encoding="UTF-8"?>
<testng-results ignored="0" total="6" passed="6" failed="0" skipped="0">
  <reporter-output>
  </reporter-output>
  <suite started-at="2023-04-21T16:16:12 CEST" name="AllTests" finished-at="2023-04-21T16:16:42 CEST" duration-ms="29807">
    <groups>
    </groups>
    <test started-at="2023-04-21T16:16:12 CEST" name="LinkTests" finished-at="2023-04-21T16:16:23 CEST" duration-ms="11293">
      <class name="To.Sq.LinkTests">
        <test-method signature="haiDimenticatoLaPassworTest()[pri:0, instance:To.Sq.LinkTests@1700915]" started-at="2023-04-21T16:16:12 CEST" name="haiDimenticatoLaPassworTest" finished-at="2023-04-21T16:16:19 CEST" duration-ms="7394" status="PASS">
          <reporter-output>
          </reporter-output>
        </test-method> <!-- haiDimenticatoLaPassworTest -->
        <test-method signature="nonSeiRegistratoTest()[pri:0, instance:To.Sq.LinkTests@1700915]" started-at="2023-04-21T16:16:19 CEST" name="nonSeiRegistratoTest" finished-at="2023-04-21T16:16:23 CEST" duration-ms="3859" status="PASS">
          <reporter-output>
          </reporter-output>
        </test-method> <!-- nonSeiRegistratoTest -->
      </class> <!-- To.Sq.LinkTests -->
    </test> <!-- LinkTests -->
    <test started-at="2023-04-21T16:16:23 CEST" name="LoginTests" finished-at="2023-04-21T16:16:32 CEST" duration-ms="9331">
      <class name="To.Sq.LoginTests">
        <test-method signature="facebookLoginTest()[pri:0, instance:To.Sq.LoginTests@1a451d4d]" started-at="2023-04-21T16:16:23 CEST" name="facebookLoginTest" finished-at="2023-04-21T16:16:28 CEST" duration-ms="4796" status="PASS">
          <reporter-output>
          </reporter-output>
        </test-method> <!-- facebookLoginTest -->
        <test-method signature="loginTest()[pri:0, instance:To.Sq.LoginTests@1a451d4d]" started-at="2023-04-21T16:16:28 CEST" name="loginTest" finished-at="2023-04-21T16:16:32 CEST" duration-ms="4533" status="PASS">
          <reporter-output>
          </reporter-output>
        </test-method> <!-- loginTest -->
      </class> <!-- To.Sq.LoginTests -->
    </test> <!-- LoginTests -->
    <test started-at="2023-04-21T16:16:32 CEST" name="NegativeTests" finished-at="2023-04-21T16:16:37 CEST" duration-ms="4114">
      <class name="To.Sq.NegativeTests">
        <test-method signature="incorrectEmailTest()[pri:0, instance:To.Sq.NegativeTests@5e0826e7]" started-at="2023-04-21T16:16:32 CEST" name="incorrectEmailTest" finished-at="2023-04-21T16:16:37 CEST" duration-ms="4113" status="PASS">
          <reporter-output>
          </reporter-output>
        </test-method> <!-- incorrectEmailTest -->
      </class> <!-- To.Sq.NegativeTests -->
    </test> <!-- NegativeTests -->
    <test started-at="2023-04-21T16:16:37 CEST" name="ViewingTests" finished-at="2023-04-21T16:16:42 CEST" duration-ms="5026">
      <class name="To.Sq.ViewingTests">
        <test-method signature="visualizzaElementiTest()[pri:0, instance:To.Sq.ViewingTests@6aba2b86]" started-at="2023-04-21T16:16:37 CEST" name="visualizzaElementiTest" finished-at="2023-04-21T16:16:42 CEST" duration-ms="5024" status="PASS">
          <reporter-output>
          </reporter-output>
        </test-method> <!-- visualizzaElementiTest -->
      </class> <!-- To.Sq.ViewingTests -->
    </test> <!-- ViewingTests -->
  </suite> <!-- AllTests -->
</testng-results>
