<?xml version="1.0" encoding="UTF-8"?>
<testsuite xmlns:xsi="http://www.w3.org/2001/XMLSchema-instance" xsi:noNamespaceSchemaLocation="https://maven.apache.org/surefire/maven-surefire-plugin/xsd/surefire-test-report-3.0.xsd" version="3.0" name="TestSuite" time="30.19" tests="6" errors="0" skipped="0" failures="0">
  <properties>
[...]
</properties>
  <testcase name="haiDimenticatoLaPassworTest" classname="To.Sq.LinkTests" time="7.395">
    <system-out><![CDATA[Starting haiDimenticatoLaPassworTest
Page is opened.
]]></system-out>
    <system-err><![CDATA[SLF4J: Failed to load class "org.slf4j.impl.StaticLoggerBinder".
SLF4J: Defaulting to no-operation (NOP) logger implementation
SLF4J: See http://www.slf4j.org/codes.html#StaticLoggerBinder for further details.
1682086573003	geckodriver	INFO	Listening on 127.0.0.1:22692
1682086573260	mozrunner::runner	INFO	Running command: "C:\\Program Files\\Mozilla Firefox\\firefox.exe" "--marionette" "--remote-debugging-port" "37027" "--remote ... /localhost:37027/,http://[::1]:37027/" "-no-remote" "-profile" "C:\\Users\\User\\AppData\\Local\\Temp\\rust_mozprofileCZDpTa"
console.warn: services.settings: Ignoring preference override of remote settings server
console.warn: services.settings: Allow by setting MOZ_REMOTE_SETTINGS_DEVTOOLS=1 in the environment
1682086573564	Marionette	INFO	Marionette enabled
Dynamically enable window occlusion 0
1682086573570	Marionette	INFO	Listening on port 57553
Read port: 57553
WebDriver BiDi listening on ws://127.0.0.1:37027
1682086573705	RemoteAgent	WARN	TLS certificate errors will be ignored for this session
console.warn: SearchSettings: "get: No settings file exists, new profile?" (new NotFoundError("Could not open the file at C:\\Users\\User\\AppData\\Local\\Temp\\rust_mozprofileCZDpTa\\search.json.mozlz4", (void 0)))
[ERROR glean_core] Error setting metrics feature config: Json(Error("EOF while parsing a value", line: 1, column: 0))
DevTools listening on ws://127.0.0.1:37027/devtools/browser/dbd5025c-e32d-4169-a2de-ae7f85485515
console.warn: LoginRecipes: "Falling back to a synchronous message for: https://node33014-ibsenviroment.it1.eur.aruba.jenv-aruba.cloud."
1682086579009	RemoteAgent	INFO	Perform WebSocket upgrade for incoming connection from 127.0.0.1:57589
1682086579011	CDP	WARN	Invalid browser preferences for CDP. Set "fission.webContentIsolationStrategy"to 0 and "fission.bfcacheInParent" to false before Firefox starts.
1682086579047	Marionette	INFO	Stopped listening on port 57553
Dynamically enable window occlusion 1
WARNING: A blocker encountered an error while we were waiting.
          Blocker:  Waiting for ping task
          Phase: TelemetryController: Waiting for pending ping activity
          State: (none)
WARNING: Error: Phase "profile-before-change" is finished, it is too late to register completion condition "OS.File: flush I/O queued before profileBeforeChange"
WARNING: addBlocker@resource://gre/modules/AsyncShutdown.sys.mjs:727:15
addBlocker@resource://gre/modules/AsyncShutdown.sys.mjs:523:26
addBlocker@resource://gre/modules/AsyncShutdown.sys.mjs:458:15
setupShutdown@resource://gre/modules/osfile/osfile_async_front.jsm:1548:28
@resource://gre/modules/osfile/osfile_async_front.jsm:1568:16
@resource://gre/modules/osfile.jsm:12:30
@resource://gre/modules/TelemetryStorage.sys.mjs:10:28
_checkPendingPings@resource://gre/modules/TelemetrySend.sys.mjs:863:17
setup@resource://gre/modules/TelemetrySend.sys.mjs:803:18
setup@resource://gre/modules/TelemetrySend.sys.mjs:241:30
setupTelemetry/this._delayedInitTask<@resource://gre/modules/TelemetryControllerParent.sys.mjs:824:36
observe@resource://gre/modules/AsyncShutdown.sys.mjs:576:16

console.error: "TelemetryScheduler.shutdown - Already shut down"
WARNING: A blocker encountered an error while we were waiting.
          Blocker:  Waiting for ping task
          Phase: TelemetryController: Waiting for pending ping activity
          State: (none)
WARNING: Error: Phase "profile-before-change" is finished, it is too late to register completion condition "OS.File: flush I/O queued before profileBeforeChange"
WARNING: addBlocker@resource://gre/modules/AsyncShutdown.sys.mjs:727:15
addBlocker@resource://gre/modules/AsyncShutdown.sys.mjs:523:26
addBlocker@resource://gre/modules/AsyncShutdown.sys.mjs:458:15
setupShutdown@resource://gre/modules/osfile/osfile_async_front.jsm:1548:28
@resource://gre/modules/osfile/osfile_async_front.jsm:1568:16
@resource://gre/modules/osfile.jsm:12:30
@resource://gre/modules/TelemetryStorage.sys.mjs:10:28
_checkPendingPings@resource://gre/modules/TelemetrySend.sys.mjs:863:17
setup@resource://gre/modules/TelemetrySend.sys.mjs:803:18
setup@resource://gre/modules/TelemetrySend.sys.mjs:241:30
setupTelemetry/this._delayedInitTask<@resource://gre/modules/TelemetryControllerParent.sys.mjs:824:36
observe@resource://gre/modules/AsyncShutdown.sys.mjs:576:16

WARNING: A blocker encountered an error while we were waiting.
          Blocker:  Waiting for ping task
          Phase: TelemetryController: Waiting for pending ping activity
          State: (none)
WARNING: Error: Phase "profile-before-change" is finished, it is too late to register completion condition "OS.File: flush I/O queued before profileBeforeChange"
WARNING: addBlocker@resource://gre/modules/AsyncShutdown.sys.mjs:727:15
addBlocker@resource://gre/modules/AsyncShutdown.sys.mjs:523:26
addBlocker@resource://gre/modules/AsyncShutdown.sys.mjs:458:15
setupShutdown@resource://gre/modules/osfile/osfile_async_front.jsm:1548:28
@resource://gre/modules/osfile/osfile_async_front.jsm:1568:16
@resource://gre/modules/osfile.jsm:12:30
@resource://gre/modules/TelemetryStorage.sysJ.amvjsa:10S:c2r8ip
t_ cehrercokrP:e nrdeisnoguPricneg:s/@reso/ugrrcee/:m/o/dgurel/emso/dAuslyensc/STheultedmoewtnr.ysSyesn.dmjs,. slyisn.em j7s2:78: 6E3r:r1o7r:
 sPehtauspe@re s"oprofile-buefrocre-changee": /i/sg rfei/nmiosdhuelde,s /iTte liesm ettoor ylSaetned .tsoy sr.emgjiss:t80e3r: 1c8
soemtpulpe@trieosno ucrcoen:d/i/tgiroen/m o"dOuSl.eFsi/lTeel:e mfeltursh yIS/eOn dq.useyuse.d mbejfso:r2e41:30
setupT eplemetrroyf/itlheiBse.f_odreelCahyaendgIen"it
Task<J@arveasSocuriptr ceer:r/o/rg: rree/smooudruclee:s///Tgerlee/metmroydCounlterso/lAlseyrnPcaSrheunttd.oswyns..smyjss:.8m2j4s, :l3i6ne
 o7bserve2@r7es:ou rEcrer:o/r/:g rPeh/asme o"dpurloefsi/lAes-ybnecfSohruet-dcohwannge" .syiss. mfjisn:i5s7h6e:d1,6 i
t 
iWsA RtNoIoN Gl:a tAe bl otcok rere geinsctoeurn tceormepdl eatni oenr rcoorn dwihtiile woen  w"eOreS .wFaiiltei:n gf.lush
  I /O   q u e u e d  Bbelfoocrkee rpro:fi le BTeefloermeeCthraynCgontreo"ller: shutting down
          Phase: p
rJoafvialSec-rbipte feorrroer-:c hraensgoeu-telrecmee:t/r/ygr
e / m o d u l e s / ASstyantceS:h uEtrrodr ogwne.tstyisn.gm jsst, altien:e  E7r2r7o:r :E rPrhoar:s eP h"apsreo f"pirloef-ibleef-obreef-ocrhea-ncghea"n gies fi"n iiss hfeidni,s hietd ,i si tt oios  ltaotoe  ltaot er etgo irsetgeirs tceorm cpolmpelteitoinon cond ictondiiotni o"nO S".OFSi.lFei:le :f lfulsuhsh  II//OO  qquueeuueedd  bbeeffoorree  pprrooffiilleeBBeeffoorreeCChanhgaeng"e "at
 JaavdadSBclroicpkte re@rrroers:o urrecseo:u/r/ceg:r/e//gmroed/umodluelse/sA/sAysnycnSchutdoSwhnutd.oswyns..smyjss.:m7j2s7,: 1l5in
ea d7d2B7l:o cEkrreorr@:r Pehsaosuer c"ep:r/o/fgirlee/-mboedfuolree-sc/hAasynncgSeh"u tidso wfni.nsiyssh.ed,m jist: 5i2s3 :2t6oo
 adldaBtleo ctkoe rr@ergeissotuerrc ec:o/m/pglreet/imoond conudilest/iAosny n"cOSSh.uFtidloew:n .flussyhs .Im/jOs :q4u5e8u:e1d5 b
esfeotruep SphruotfdiolwenB@erfeosroeuCrhcaen:g/e/"gr
e/mJoadvualSecsr/iopstf ielrer/oor:s frielseo_uarscyen:c/_/fgrroen/tm.ojdsuml:e1s5/4A8s:y2n8cS
h@urtedsoowunr.csey:s/./grmej/sm,o dluilnees /7o2s7f:i lErer/oors:f iPlhaes_ea s"ypnrco_ffirloen-tb.ejfsomr:e1-5c6h8a:n16ge
"@ riess ofurcien:i/s/hgerde,/ miotdules/ oiss ftioloe .jslma:t1e2 :t3o0 r
e@griesstoeurr cceo:m/plet/igorne /cmoondduilteiso/nTe l"eOmetrSy.SFtorage.islyes:. mfjlsu:s1h0 :I2/8O 
q_ucehueecdk Pbeenfdoirneg Ppirnogfsi@lreeBseofuorrcee:C//hgre/maondguel"es
/JTaevlaeSmcreitprty Seernrdo.rs:y sr.emsjosu:r8c6e3::/1/7gr
es/emtoudpu@lreess/oAusrcyen:c/S/greh/umtoddouwlne.ss/yTse.mljesm,e tlriynSee n7d2.7s:y sE.rmjrso:r8:0 3P:h1ase 8"p
rsoeftuipl@er-ebseofuorrce-ec:h//agnrgee/" moiduless /fTelemeitnriysSheendd., siyts .imsj s:to2o4 1l:a3t0e
 steot ruepgTieslteemre tcroym/ptlhetiiso._nd ecloanydeidtIinoint T"aOsSk.<@Firelseo:u frclues:h/ /Igr/eO/ mqoudeuulede s/bTeefloermee tprryoCfoinleBetfroorelClhearPnagre"en
t.sys.mjs:824:36
observe@resource://gre/modules/AsyncShutdown.sys.mjs:576:16

WARNING: Error: Phase "profile-before-change" is finished, it is too late to register completion condition "OS.File: flush I/O queued before profileBeforeChange"
WARNING: addBlocker@resource://gre/modules/AsyncShutdown.sys.mjs:727:15
addBlocker@resource://gre/modules/AsyncShutdown.sys.mjs:523:26
addBlocker@resource://gre/modules/AsyncShutdown.sys.mjs:458:15
setupShutdown@resource://gre/modules/osfile/osfile_async_front.jsm:1548:28
@resource://gre/modules/osfile/osfile_async_front.jsm:1568:16
@resource://gre/modules/osfile.jsm:12:30
@resource://gre/modules/TelemetryStorage.sys.mjs:10:28
_checkPendingPings@resource://gre/modules/TelemetrySend.sys.mjs:863:17
setup@resource://gre/modules/TelemetrySend.sys.mjs:803:18
setup@resource://gre/modules/TelemetrySend.sys.mjs:241:30
setupTelemetry/this._delayedInitTask<@resource://gre/modules/TelemetryControllerParent.sys.mjs:824:36
observe@resource://gre/modules/AsyncShutdown.sys.mjs:576:16

]]></system-err>
  </testcase>
  <testcase name="nonSeiRegistratoTest" classname="To.Sq.LinkTests" time="3.857">
    <system-out><![CDATA[Starting nonSeiRegistratoTest
Page is opened.
]]></system-out>
    <system-err><![CDATA[Starting ChromeDriver 112.0.5615.49 (bd2a7bcb881c11e8cfe3078709382934e3916914-refs/branch-heads/5615@{#936}) on port 30027
Only local connections are allowed.
Please see https://chromedriver.chromium.org/security-considerations for suggestions on keeping ChromeDriver safe.
ChromeDriver was started successfully.
apr 21, 2023 4:16:20 PM org.openqa.selenium.devtools.CdpVersionFinder findNearestMatch
WARNING: Unable to find an exact match for CDP version 112, so returning the closest version found: 111
]]></system-err>
  </testcase>
  <testcase name="facebookLoginTest" classname="To.Sq.LoginTests" time="4.795">
    <system-out><![CDATA[accessoTramiteFacebook
Page is opened.
]]></system-out>
    <system-err><![CDATA[Starting ChromeDriver 112.0.5615.49 (bd2a7bcb881c11e8cfe3078709382934e3916914-refs/branch-heads/5615@{#936}) on port 18257
Only local connections are allowed.
Please see https://chromedriver.chromium.org/security-considerations for suggestions on keeping ChromeDriver safe.
ChromeDriver was started successfully.
apr 21, 2023 4:16:24 PM org.openqa.selenium.devtools.CdpVersionFinder findNearestMatch
WARNING: Unable to find an exact match for CDP version 112, so returning the closest version found: 111
]]></system-err>
  </testcase>
  <testcase name="loginTest" classname="To.Sq.LoginTests" time="4.533">
    <system-out><![CDATA[Starting loginTest
Page is opened.
]]></system-out>
    <system-err><![CDATA[Starting ChromeDriver 112.0.5615.49 (bd2a7bcb881c11e8cfe3078709382934e3916914-refs/branch-heads/5615@{#936}) on port 34912
Only local connections are allowed.
Please see https://chromedriver.chromium.org/security-considerations for suggestions on keeping ChromeDriver safe.
ChromeDriver was started successfully.
apr 21, 2023 4:16:29 PM org.openqa.selenium.devtools.CdpVersionFinder findNearestMatch
WARNING: Unable to find an exact match for CDP version 112, so returning the closest version found: 111
]]></system-err>
  </testcase>
  <testcase name="incorrectEmailTest" classname="To.Sq.NegativeTests" time="4.112">
    <system-out><![CDATA[Starting incorrectEmailTest
Page is opened.
]]></system-out>
    <system-err><![CDATA[Starting ChromeDriver 112.0.5615.49 (bd2a7bcb881c11e8cfe3078709382934e3916914-refs/branch-heads/5615@{#936}) on port 48768
Only local connections are allowed.
Please see https://chromedriver.chromium.org/security-considerations for suggestions on keeping ChromeDriver safe.
ChromeDriver was started successfully.
apr 21, 2023 4:16:33 PM org.openqa.selenium.devtools.CdpVersionFinder findNearestMatch
WARNING: Unable to find an exact match for CDP version 112, so returning the closest version found: 111
]]></system-err>
  </testcase>
  <testcase name="visualizzaElementiTest" classname="To.Sq.ViewingTests" time="5.023">
    <system-out><![CDATA[Starting ViewingTests
Page is opened.
]]></system-out>
    <system-err><![CDATA[Starting ChromeDriver 112.0.5615.49 (bd2a7bcb881c11e8cfe3078709382934e3916914-refs/branch-heads/5615@{#936}) on port 16733
Only local connections are allowed.
Please see https://chromedriver.chromium.org/security-considerations for suggestions on keeping ChromeDriver safe.
ChromeDriver was started successfully.
apr 21, 2023 4:16:37 PM org.openqa.selenium.devtools.CdpVersionFinder findNearestMatch
WARNING: Unable to find an exact match for CDP version 112, so returning the closest version found: 111
]]></system-err>
  </testcase>
</testsuite>